Build started...
Build succeeded.
info: Microsoft.EntityFrameworkCore.Database.Command[20101]
      Executed DbCommand (63ms) [Parameters=[], CommandType='Text', CommandTimeout='30']
      SELECT 1
info: Microsoft.EntityFrameworkCore.Database.Command[20101]
      Executed DbCommand (64ms) [Parameters=[], CommandType='Text', CommandTimeout='30']
      SELECT OBJECT_ID(N'[__EFMigrationsHistory]');
info: Microsoft.EntityFrameworkCore.Database.Command[20101]
      Executed DbCommand (98ms) [Parameters=[], CommandType='Text', CommandTimeout='30']
      SELECT 1
info: Microsoft.EntityFrameworkCore.Database.Command[20101]
      Executed DbCommand (43ms) [Parameters=[], CommandType='Text', CommandTimeout='30']
      SELECT OBJECT_ID(N'[__EFMigrationsHistory]');
info: Microsoft.EntityFrameworkCore.Database.Command[20101]
      Executed DbCommand (326ms) [Parameters=[], CommandType='Text', CommandTimeout='30']
      SELECT [MigrationId], [ProductVersion]
      FROM [__EFMigrationsHistory]
      ORDER BY [MigrationId];
info: Microsoft.EntityFrameworkCore.Migrations[20402]
      Applying migration '20260305184135_AddDepartmanVeTakim'.
Applying migration '20260305184135_AddDepartmanVeTakim'.
info: Microsoft.EntityFrameworkCore.Database.Command[20101]
      Executed DbCommand (328ms) [Parameters=[], CommandType='Text', CommandTimeout='30']
      IF SCHEMA_ID(N'gayemkaratas_OrendaAdmin') IS NULL EXEC(N'CREATE SCHEMA [gayemkaratas_OrendaAdmin];');
info: Microsoft.EntityFrameworkCore.Database.Command[20101]
      Executed DbCommand (80ms) [Parameters=[], CommandType='Text', CommandTimeout='30']
      CREATE TABLE [gayemkaratas_OrendaAdmin].[Departmanlar] (
          [DepartmanID] int NOT NULL IDENTITY,
          [Ad] nvarchar(max) NOT NULL,
          [Aciklama] nvarchar(max) NULL,
          [OlusturmaTarihi] datetime2 NOT NULL,
          CONSTRAINT [PK_Departmanlar] PRIMARY KEY ([DepartmanID])
      );
fail: Microsoft.EntityFrameworkCore.Database.Command[20102]
      Failed executing DbCommand (78ms) [Parameters=[], CommandType='Text', CommandTimeout='30']
      ALTER TABLE [gayemkaratas_OrendaAdmin].[Takimlar] ADD [DepartmanID] int NULL;
Failed executing DbCommand (78ms) [Parameters=[], CommandType='Text', CommandTimeout='30']
ALTER TABLE [gayemkaratas_OrendaAdmin].[Takimlar] ADD [DepartmanID] int NULL;
Microsoft.Data.SqlClient.SqlException (0x80131904): Cannot find the object "gayemkaratas_OrendaAdmin.Takimlar" because it does not exist or you do not have permissions.
   at Microsoft.Data.SqlClient.SqlConnection.OnError(SqlException exception, Boolean breakConnection, Action`1 wrapCloseInAction)
   at Microsoft.Data.SqlClient.SqlInternalConnection.OnError(SqlException exception, Boolean breakConnection, Action`1 wrapCloseInAction)
   at Microsoft.Data.SqlClient.TdsParser.ThrowExceptionAndWarning(TdsParserStateObject stateObj, Boolean callerHasConnectionLock, Boolean asyncClose)
   at Microsoft.Data.SqlClient.TdsParser.TryRun(RunBehavior runBehavior, SqlCommand cmdHandler, SqlDataReader dataStream, BulkCopySimpleResultSet bulkCopyHandler, TdsParserStateObject stateObj, Boolean& dataReady)
   at Microsoft.Data.SqlClient.SqlCommand.RunExecuteNonQueryTds(String methodName, Boolean isAsync, Int32 timeout, Boolean asyncWrite)
   at Microsoft.Data.SqlClient.SqlCommand.InternalExecuteNonQuery(TaskCompletionSource`1 completion, Boolean sendToPipe, Int32 timeout, Boolean& usedCache, Boolean asyncWrite, Boolean inRetry, String methodName)
   at Microsoft.Data.SqlClient.SqlCommand.ExecuteNonQuery()
   at Microsoft.EntityFrameworkCore.Storage.RelationalCommand.ExecuteNonQuery(RelationalCommandParameterObject parameterObject)
   at Microsoft.EntityFrameworkCore.Migrations.MigrationCommand.ExecuteNonQuery(IRelationalConnection connection, IReadOnlyDictionary`2 parameterValues)
   at Microsoft.EntityFrameworkCore.Migrations.Internal.MigrationCommandExecutor.ExecuteNonQuery(IEnumerable`1 migrationCommands, IRelationalConnection connection)
   at Microsoft.EntityFrameworkCore.Migrations.Internal.Migrator.Migrate(String targetMigration)
   at Microsoft.EntityFrameworkCore.Design.Internal.MigrationsOperations.UpdateDatabase(String targetMigration, String connectionString, String contextType)
   at Microsoft.EntityFrameworkCore.Design.OperationExecutor.UpdateDatabaseImpl(String targetMigration, String connectionString, String contextType)
   at Microsoft.EntityFrameworkCore.Design.OperationExecutor.UpdateDatabase.<>c__DisplayClass0_0.<.ctor>b__0()
   at Microsoft.EntityFrameworkCore.Design.OperationExecutor.OperationBase.Execute(Action action)
ClientConnectionId:648e7214-3c7a-4f84-943a-5a24c94a953c
Error Number:4902,State:1,Class:16
Cannot find the object "gayemkaratas_OrendaAdmin.Takimlar" because it does not exist or you do not have permissions.
